[21:23:45] [ServerMain/INFO]: [bootstrap] Running Java 25 (OpenJDK 64-Bit Server VM 25.0.1+8-LTS; Eclipse Adoptium Temurin-25.0.1+8) on Linux 6.6.87.2-microsoft-standard-WSL2 (amd64)
[21:23:45] [ServerMain/INFO]: [bootstrap] Loading Paper 1.21.1-133-ver/1.21.1@3cb8529 (2025-03-28T16:14:36Z) for Minecraft 1.21.1
[21:23:47] [ServerMain/INFO]: [PluginInitializerManager] Initializing plugins...
[21:23:48] [ServerMain/INFO]: [PluginInitializerManager] Initialized 0 plugins
[21:24:06] [ServerMain/INFO]: Environment: Environment[sessionHost=https://sessionserver.mojang.com, servicesHost=https://api.minecraftservices.com, name=PROD]
[21:24:36] [ServerMain/INFO]: Loaded 1290 recipes
[21:24:37] [ServerMain/INFO]: Loaded 1399 advancements
[21:24:39] [Server thread/INFO]: Starting minecraft server version 1.21.1
[21:24:39] [Server thread/INFO]: Loading properties
[21:24:39] [Server thread/INFO]: This server is running Paper version 1.21.1-133-ver/1.21.1@3cb8529 (2025-03-28T16:14:36Z) (Implementing API version 1.21.1-R0.1-SNAPSHOT)
[21:24:41] [Server thread/INFO]: [spark] This server bundles the spark profiler. For more information please visit https://docs.papermc.io/paper/profiling
[21:24:42] [Server thread/INFO]: Using 4 threads for Netty based IO
[21:24:42] [Server thread/INFO]: Server Ping Player Sample Count: 12
[21:24:48] [Server thread/INFO]: [ChunkTaskScheduler] Chunk system is using 1 I/O threads, 3 worker threads, and population gen parallelism of 3 threads
[21:24:50] [Server thread/INFO]: Default game type: SURVIVAL
[21:24:50] [Server thread/INFO]: Generating keypair
[21:24:50] [Server thread/INFO]: Starting Minecraft server on *:25565
[21:24:50] [Server thread/INFO]: Using epoll channel type
[21:24:51] [Server thread/INFO]: Paper: Using libdeflate (Linux x86_64) compression from Velocity.
[21:24:51] [Server thread/INFO]: Paper: Using OpenSSL 3.x.x (Linux x86_64) cipher from Velocity.
[21:24:51] [Server thread/INFO]: Server permissions file permissions.yml is empty, ignoring it
[21:24:51] [Server thread/WARN]: **** SERVER IS RUNNING IN OFFLINE/INSECURE MODE!
[21:24:51] [Server thread/WARN]: The server will make no attempt to authenticate usernames. Beware.
[21:24:51] [Server thread/WARN]: While this makes the game possible to play without internet access, it also opens up the ability for hackers to connect with any username they choose.
[21:24:51] [Server thread/WARN]: To change this, set "online-mode" to "true" in the server.properties file.
[21:24:51] [Server thread/INFO]: Preparing level "world"
[21:24:57] [Server thread/INFO]: Preparing start region for dimension minecraft:overworld
[21:25:00] [Server thread/INFO]: Time elapsed: 3494 ms
[21:25:00] [Server thread/INFO]: Preparing start region for dimension minecraft:the_nether
[21:25:00] [Server thread/INFO]: Time elapsed: 321 ms
[21:25:00] [Server thread/INFO]: Preparing start region for dimension minecraft:the_end
[21:25:01] [Server thread/INFO]: Time elapsed: 335 ms
[21:25:01] [Server thread/INFO]: [spark] Starting background profiler...
[21:25:03] [Server thread/INFO]: Done preparing level "world" (11.523s)
[21:25:03] [Server thread/INFO]: Starting remote control listener
[21:25:03] [Server thread/INFO]: Thread RCON Listener started
[21:25:03] [Server thread/INFO]: RCON running on 0.0.0.0:25575
[21:25:03] [Server thread/INFO]: Running delayed init tasks
[21:25:03] [Server thread/INFO]: Done (81.827s)! For help, type "help"
[21:25:03] [Server thread/INFO]: Timings Reset
[21:30:29] [Server thread/WARN]: Can't keep up! Is the server overloaded? Running 3317ms or 66 ticks behind
[21:37:55] [User Authenticator #0/INFO]: UUID of player Joseph5712 is cfb34491-735f-3b5b-b13e-5cdb168552ba
[21:37:59] [Server thread/INFO]: Joseph5712 joined the game
[21:38:00] [Server thread/INFO]: Joseph5712[/172.18.0.3:57709] logged in with entity id 96 at ([world]383.4264690641954, 66.41999998688698, -345.04004245307755)
[21:38:04] [Server thread/WARN]: Can't keep up! Is the server overloaded? Running 5899ms or 117 ticks behind
[21:39:05] [Server thread/WARN]: Can't keep up! Is the server overloaded? Running 41216ms or 824 ticks behind
[21:39:27] [Server thread/WARN]: Can't keep up! Is the server overloaded? Running 4693ms or 93 ticks behind
[21:39:29] [Server thread/INFO]: Joseph5712 lost connection: Disconnected
[21:39:31] [Server thread/INFO]: Joseph5712 left the game
